<?xml version="1.0" encoding="UTF-8"?>
<!-- Generated by org.testng.reporters.JUnitXMLReporter -->
<testsuite hostname="LAPTOP-RK4DV1OT" ignored="0" name="Testing" tests="5" failures="1" timestamp="2021-08-30T00:46:14 IST" time="216.881" errors="0">
  <testcase name="NavigateLogin" time="28.71" classname="MavenProject.FrameWork.MyntraLogin"/>
  <testcase name="SelectandSort" time="28.591" classname="MavenProject.FrameWork.MyntraLogin"/>
  <testcase name="FilterandSelectProduct" time="53.794" classname="MavenProject.FrameWork.MyntraLogin"/>
  <testcase name="Size_AddCart" time="3.245" classname="MavenProject.FrameWork.MyntraLogin">
    <failure type="org.openqa.selenium.ElementClickInterceptedException" message="element click intercepted: Element &amp;lt;p class=&amp;quot;size-buttons-unified-size&amp;quot;&amp;gt;...&amp;lt;/p&amp;gt; is not clickable at point (832, 369). Other element would receive the click: &amp;lt;span class=&amp;quot;size-buttons-size-strike-show&amp;quot;&amp;gt;&amp;lt;/span&amp;gt;
  (Session info: chrome=92.0.4515.159)
Build info: version: &amp;apos;4.0.0-beta-4&amp;apos;, revision: &amp;apos;29f46d02dd&amp;apos;
System info: host: &amp;apos;LAPTOP-RK4DV1OT&amp;apos;, ip: &amp;apos;192.168.0.104&amp;apos;, os.name: &amp;apos;Windows 10&amp;apos;, os.arch: &amp;apos;amd64&amp;apos;, os.version: &amp;apos;10.0&amp;apos;, java.version: &amp;apos;1.8.0_301&amp;apos;
Driver info: org.openqa.selenium.chrome.ChromeDriver
Command: [fde8d80272a943322d950ff4c992cd8f, clickElement {id=165a9c66-d4c3-409d-8309-06abe237eb3d}]
Capabilities {acceptInsecureCerts: false, browserName: chrome, browserVersion: 92.0.4515.159, chrome: {chromedriverVersion: 92.0.4515.43 (8c61b7e2989f2..., userDataDir: C:\Users\samee\AppData\Loca...}, goog:chromeOptions: {debuggerAddress: localhost:64746}, javascriptEnabled: true, networkConnectionEnabled: false, pageLoadStrategy: normal, platform: WINDOWS, platformName: WINDOWS, proxy: Proxy(), se:cdp: ws://localhost:64746/devtoo..., se:cdpVersion: 92.0.4515.159, setWindowRect: true, strictFileInteractability: false, timeouts: {implicit: 0, pageLoad: 300000, script: 30000}, unhandledPromptBehavior: dismiss and notify, webauthn:extension:credBlob: true, webauthn:extension:largeBlob: true, webauthn:virtualAuthenticators: true}
Element: [[ChromeDriver: chrome on WINDOWS (fde8d80272a943322d950ff4c992cd8f)] -&amp;gt; xpath: //p[@class=&amp;apos;size-buttons-unified-size&amp;apos;]]
Session ID: fde8d80272a943322d950ff4c992cd8f">
      <![CDATA[org.openqa.selenium.ElementClickInterceptedException: element click intercepted: Element <p class="size-buttons-unified-size">...</p> is not clickable at point (832, 369). Other element would receive the click: <span class="size-buttons-size-strike-show"></span>
  (Session info: chrome=92.0.4515.159)
Build info: version: '4.0.0-beta-4', revision: '29f46d02dd'
System info: host: 'LAPTOP-RK4DV1OT', ip: '192.168.0.104', os.name: 'Windows 10', os.arch: 'amd64', os.version: '10.0', java.version: '1.8.0_301'
Driver info: org.openqa.selenium.chrome.ChromeDriver
Command: [fde8d80272a943322d950ff4c992cd8f, clickElement {id=165a9c66-d4c3-409d-8309-06abe237eb3d}]
Capabilities {acceptInsecureCerts: false, browserName: chrome, browserVersion: 92.0.4515.159, chrome: {chromedriverVersion: 92.0.4515.43 (8c61b7e2989f2..., userDataDir: C:\Users\samee\AppData\Loca...}, goog:chromeOptions: {debuggerAddress: localhost:64746}, javascriptEnabled: true, networkConnectionEnabled: false, pageLoadStrategy: normal, platform: WINDOWS, platformName: WINDOWS, proxy: Proxy(), se:cdp: ws://localhost:64746/devtoo..., se:cdpVersion: 92.0.4515.159, setWindowRect: true, strictFileInteractability: false, timeouts: {implicit: 0, pageLoad: 300000, script: 30000}, unhandledPromptBehavior: dismiss and notify, webauthn:extension:credBlob: true, webauthn:extension:largeBlob: true, webauthn:virtualAuthenticators: true}
Element: [[ChromeDriver: chrome on WINDOWS (fde8d80272a943322d950ff4c992cd8f)] -> xpath: //p[@class='size-buttons-unified-size']]
Session ID: fde8d80272a943322d950ff4c992cd8f
at org.openqa.selenium.remote.codec.w3c.W3CHttpResponseCodec.createException(W3CHttpResponseCodec.java:200)
at org.openqa.selenium.remote.codec.w3c.W3CHttpResponseCodec.decode(W3CHttpResponseCodec.java:133)
at org.openqa.selenium.remote.codec.w3c.W3CHttpResponseCodec.decode(W3CHttpResponseCodec.java:53)
at org.openqa.selenium.remote.HttpCommandExecutor.execute(HttpCommandExecutor.java:184)
at org.openqa.selenium.remote.service.DriverCommandExecutor.invokeExecute(DriverCommandExecutor.java:162)
at org.openqa.selenium.remote.service.DriverCommandExecutor.execute(DriverCommandExecutor.java:137)
at org.openqa.selenium.remote.RemoteWebDriver.execute(RemoteWebDriver.java:612)
at org.openqa.selenium.remote.RemoteWebElement.execute(RemoteWebElement.java:235)
at org.openqa.selenium.remote.RemoteWebElement.click(RemoteWebElement.java:73)
at MavenProject.FrameWork.MyntraLogin.Size_AddCart(MyntraLogin.java:210)
at java.util.ArrayList.forEach(ArrayList.java:1259)
... Removed 35 stack frames]]>
    </failure>
  </testcase> <!-- Size_AddCart -->
  <testcase name="MoveToWishlist" time="28.951" classname="MavenProject.FrameWork.MyntraLogin"/>
</testsuite> <!-- Testing -->
